[33mWARNING[0m:  [24-07-2024 15:57:51] chroma_server_nofile is set to 65535, but this is less than current soft limit of 1048575. chroma_server_nofile will not be set.
[33mWARNING[0m:  [24-07-2024 15:58:24] chroma_server_nofile is set to 65535, but this is less than current soft limit of 1048575. chroma_server_nofile will not be set.
[32mINFO[0m:     [24-07-2024 15:58:24] Anonymized telemetry enabled. See                     https://docs.trychroma.com/telemetry for more information.
[36mDEBUG[0m:    [24-07-2024 15:58:24] Starting component System
[36mDEBUG[0m:    [24-07-2024 15:58:24] Starting component OpenTelemetryClient
[36mDEBUG[0m:    [24-07-2024 15:58:24] Starting component SqliteDB
[36mDEBUG[0m:    [24-07-2024 15:58:24] Starting component QuotaEnforcer
[36mDEBUG[0m:    [24-07-2024 15:58:24] Starting component Posthog
[36mDEBUG[0m:    [24-07-2024 15:58:24] Starting component LocalSegmentManager
[36mDEBUG[0m:    [24-07-2024 15:58:24] Starting component SegmentAPI
[32mINFO[0m:     [24-07-2024 15:58:24] Started server process [[36m92662[0m]
[32mINFO[0m:     [24-07-2024 15:58:24] Waiting for application startup.
[32mINFO[0m:     [24-07-2024 15:58:24] Application startup complete.
[32mINFO[0m:     [24-07-2024 15:58:24] Uvicorn running on [1mhttp://localhost:8000[0m (Press CTRL+C to quit)
[32mINFO[0m:     [24-07-2024 15:58:36] ::1:61655 - "GET /api/v1/tenants/default_tenant HTTP/1.1" 200
[32mINFO[0m:     [24-07-2024 15:58:36] ::1:61655 - "GET /api/v1/databases/default_database?tenant=default_tenant HTTP/1.1" 200
[32mINFO[0m:     [24-07-2024 16:04:04] ::1:61715 - "GET /api/v1/tenants/default_tenant HTTP/1.1" 200
[32mINFO[0m:     [24-07-2024 16:04:04] ::1:61715 - "GET /api/v1/databases/default_database?tenant=default_tenant HTTP/1.1" 200
[32mINFO[0m:     [24-07-2024 16:04:04] ::1:61716 - "GET /api/v1 HTTP/1.1" 200
[32mINFO[0m:     [24-07-2024 16:04:10] ::1:61716 - "GET /api/v1 HTTP/1.1" 200
[32mINFO[0m:     [24-07-2024 16:04:11] ::1:61716 - "GET /api/v1 HTTP/1.1" 200
[32mINFO[0m:     [24-07-2024 16:04:11] ::1:61716 - "GET /api/v1 HTTP/1.1" 200
[32mINFO[0m:     [24-07-2024 16:04:12] ::1:61716 - "GET /api/v1 HTTP/1.1" 200
[32mINFO[0m:     [24-07-2024 16:04:12] ::1:61716 - "GET /api/v1 HTTP/1.1" 200
[32mINFO[0m:     [24-07-2024 16:04:12] ::1:61716 - "GET /api/v1 HTTP/1.1" 200
[32mINFO[0m:     [24-07-2024 16:04:12] ::1:61716 - "GET /api/v1 HTTP/1.1" 200
[32mINFO[0m:     [24-07-2024 16:04:12] ::1:61716 - "GET /api/v1 HTTP/1.1" 200
[32mINFO[0m:     [24-07-2024 16:04:13] ::1:61716 - "GET /api/v1 HTTP/1.1" 200
[32mINFO[0m:     [24-07-2024 16:04:13] ::1:61716 - "GET /api/v1 HTTP/1.1" 200
[32mINFO[0m:     [24-07-2024 16:04:13] ::1:61716 - "GET /api/v1 HTTP/1.1" 200
[32mINFO[0m:     [24-07-2024 17:58:06] ::1:62461 - "GET /api/v1/tenants/default_tenant HTTP/1.1" 200
[32mINFO[0m:     [24-07-2024 17:58:06] ::1:62461 - "GET /api/v1/databases/default_database?tenant=default_tenant HTTP/1.1" 200
[32mINFO[0m:     [24-07-2024 17:58:06] ::1:62462 - "POST /api/v1/collections?tenant=default_tenant&database=default_database HTTP/1.1" 200
[32mINFO[0m:     [24-07-2024 17:59:47] ::1:62466 - "POST /api/v1/collections/b5ec485e-e5f6-4f5e-b246-7b56d0a7e057/get HTTP/1.1" 200
[32mINFO[0m:     [24-07-2024 18:00:08] ::1:62466 - "POST /api/v1/collections/b5ec485e-e5f6-4f5e-b246-7b56d0a7e057/get HTTP/1.1" 200
[32mINFO[0m:     [24-07-2024 18:01:07] ::1:62478 - "POST /api/v1/collections/b5ec485e-e5f6-4f5e-b246-7b56d0a7e057/get HTTP/1.1" 200
[32mINFO[0m:     [24-07-2024 18:01:08] ::1:62478 - "GET /api/v1/pre-flight-checks HTTP/1.1" 200
[36mDEBUG[0m:    [24-07-2024 18:01:08] Starting component PersistentLocalHnswSegment
[32mINFO[0m:     [24-07-2024 18:01:08] ::1:62478 - "POST /api/v1/collections/b5ec485e-e5f6-4f5e-b246-7b56d0a7e057/add HTTP/1.1" 201
[32mINFO[0m:     [24-07-2024 18:01:08] ::1:62478 - "POST /api/v1/collections/b5ec485e-e5f6-4f5e-b246-7b56d0a7e057/add HTTP/1.1" 201
[32mINFO[0m:     [24-07-2024 18:01:09] ::1:62478 - "POST /api/v1/collections/b5ec485e-e5f6-4f5e-b246-7b56d0a7e057/add HTTP/1.1" 201
[32mINFO[0m:     [24-07-2024 18:01:09] ::1:62478 - "POST /api/v1/collections/b5ec485e-e5f6-4f5e-b246-7b56d0a7e057/add HTTP/1.1" 201
[32mINFO[0m:     [24-07-2024 18:01:10] ::1:62478 - "POST /api/v1/collections/b5ec485e-e5f6-4f5e-b246-7b56d0a7e057/add HTTP/1.1" 201
[32mINFO[0m:     [24-07-2024 18:01:10] ::1:62478 - "POST /api/v1/collections/b5ec485e-e5f6-4f5e-b246-7b56d0a7e057/add HTTP/1.1" 201
[32mINFO[0m:     [24-07-2024 18:01:10] ::1:62478 - "POST /api/v1/collections/b5ec485e-e5f6-4f5e-b246-7b56d0a7e057/add HTTP/1.1" 201
[32mINFO[0m:     [24-07-2024 18:01:11] ::1:62478 - "POST /api/v1/collections/b5ec485e-e5f6-4f5e-b246-7b56d0a7e057/add HTTP/1.1" 201
[32mINFO[0m:     [24-07-2024 18:01:11] ::1:62478 - "POST /api/v1/collections/b5ec485e-e5f6-4f5e-b246-7b56d0a7e057/add HTTP/1.1" 201
[32mINFO[0m:     [24-07-2024 18:01:11] ::1:62478 - "POST /api/v1/collections/b5ec485e-e5f6-4f5e-b246-7b56d0a7e057/add HTTP/1.1" 201
[32mINFO[0m:     [24-07-2024 18:01:12] ::1:62478 - "POST /api/v1/collections/b5ec485e-e5f6-4f5e-b246-7b56d0a7e057/add HTTP/1.1" 201
[32mINFO[0m:     [24-07-2024 18:01:12] ::1:62478 - "POST /api/v1/collections/b5ec485e-e5f6-4f5e-b246-7b56d0a7e057/add HTTP/1.1" 201
[32mINFO[0m:     [24-07-2024 18:01:13] ::1:62478 - "POST /api/v1/collections/b5ec485e-e5f6-4f5e-b246-7b56d0a7e057/add HTTP/1.1" 201
[32mINFO[0m:     [24-07-2024 18:01:13] ::1:62478 - "POST /api/v1/collections/b5ec485e-e5f6-4f5e-b246-7b56d0a7e057/add HTTP/1.1" 201
[32mINFO[0m:     [24-07-2024 18:01:14] ::1:62478 - "POST /api/v1/collections/b5ec485e-e5f6-4f5e-b246-7b56d0a7e057/add HTTP/1.1" 201
[32mINFO[0m:     [24-07-2024 18:01:14] ::1:62478 - "POST /api/v1/collections/b5ec485e-e5f6-4f5e-b246-7b56d0a7e057/add HTTP/1.1" 201
[32mINFO[0m:     [24-07-2024 18:01:14] ::1:62478 - "POST /api/v1/collections/b5ec485e-e5f6-4f5e-b246-7b56d0a7e057/add HTTP/1.1" 201
[32mINFO[0m:     [24-07-2024 18:01:15] ::1:62478 - "POST /api/v1/collections/b5ec485e-e5f6-4f5e-b246-7b56d0a7e057/add HTTP/1.1" 201
[32mINFO[0m:     [24-07-2024 18:01:15] ::1:62478 - "POST /api/v1/collections/b5ec485e-e5f6-4f5e-b246-7b56d0a7e057/add HTTP/1.1" 201
[32mINFO[0m:     [24-07-2024 18:01:16] ::1:62478 - "POST /api/v1/collections/b5ec485e-e5f6-4f5e-b246-7b56d0a7e057/add HTTP/1.1" 201
[32mINFO[0m:     [24-07-2024 18:01:27] ::1:62478 - "POST /api/v1/collections/b5ec485e-e5f6-4f5e-b246-7b56d0a7e057/query HTTP/1.1" 200
[32mINFO[0m:     [24-07-2024 18:06:10] ::1:62578 - "POST /api/v1/collections/b5ec485e-e5f6-4f5e-b246-7b56d0a7e057/query HTTP/1.1" 200
[32mINFO[0m:     [24-07-2024 18:06:50] ::1:62583 - "POST /api/v1/collections/b5ec485e-e5f6-4f5e-b246-7b56d0a7e057/query HTTP/1.1" 200
[32mINFO[0m:     [24-07-2024 18:07:53] ::1:62589 - "POST /api/v1/collections/b5ec485e-e5f6-4f5e-b246-7b56d0a7e057/query HTTP/1.1" 200
[32mINFO[0m:     [24-07-2024 18:07:57] ::1:62589 - "POST /api/v1/collections/b5ec485e-e5f6-4f5e-b246-7b56d0a7e057/query HTTP/1.1" 200
[32mINFO[0m:     [24-07-2024 18:07:59] ::1:62589 - "POST /api/v1/collections/b5ec485e-e5f6-4f5e-b246-7b56d0a7e057/query HTTP/1.1" 200
[32mINFO[0m:     [24-07-2024 18:08:26] ::1:62589 - "POST /api/v1/collections/b5ec485e-e5f6-4f5e-b246-7b56d0a7e057/query HTTP/1.1" 200
[32mINFO[0m:     [24-07-2024 18:08:46] ::1:62589 - "POST /api/v1/collections/b5ec485e-e5f6-4f5e-b246-7b56d0a7e057/query HTTP/1.1" 200
[32mINFO[0m:     [24-07-2024 18:08:54] ::1:62589 - "POST /api/v1/collections/b5ec485e-e5f6-4f5e-b246-7b56d0a7e057/query HTTP/1.1" 200
[32mINFO[0m:     [24-07-2024 18:09:17] ::1:62589 - "POST /api/v1/collections/b5ec485e-e5f6-4f5e-b246-7b56d0a7e057/query HTTP/1.1" 200
[32mINFO[0m:     [24-07-2024 18:09:23] ::1:62589 - "POST /api/v1/collections/b5ec485e-e5f6-4f5e-b246-7b56d0a7e057/query HTTP/1.1" 200
[32mINFO[0m:     [24-07-2024 18:09:29] ::1:62589 - "POST /api/v1/collections/b5ec485e-e5f6-4f5e-b246-7b56d0a7e057/query HTTP/1.1" 200
[32mINFO[0m:     [24-07-2024 18:09:43] ::1:62589 - "POST /api/v1/collections/b5ec485e-e5f6-4f5e-b246-7b56d0a7e057/query HTTP/1.1" 200
[31mERROR[0m:    [24-07-2024 18:12:35] Resetting is not allowed by this configuration (to enable it, set `allow_reset` to `True` in your Settings() or include `ALLOW_RESET=TRUE` in your environment variables)
Traceback (most recent call last):
  File "/Users/sakuard/dev/nlp/rag/venv/lib/python3.12/site-packages/anyio/streams/memory.py", line 105, in receive
    return self.receive_nowait()
           ^^^^^^^^^^^^^^^^^^^^^
  File "/Users/sakuard/dev/nlp/rag/venv/lib/python3.12/site-packages/anyio/streams/memory.py", line 100, in receive_nowait
    raise WouldBlock
anyio.WouldBlock

During handling of the above exception, another exception occurred:

Traceback (most recent call last):
  File "/Users/sakuard/dev/nlp/rag/venv/lib/python3.12/site-packages/anyio/streams/memory.py", line 118, in receive
    return receiver.item
           ^^^^^^^^^^^^^
AttributeError: 'MemoryObjectItemReceiver' object has no attribute 'item'

During handling of the above exception, another exception occurred:

Traceback (most recent call last):
  File "/Users/sakuard/dev/nlp/rag/venv/lib/python3.12/site-packages/starlette/middleware/base.py", line 159, in call_next
    message = await recv_stream.receive()
              ^^^^^^^^^^^^^^^^^^^^^^^^^^^
  File "/Users/sakuard/dev/nlp/rag/venv/lib/python3.12/site-packages/anyio/streams/memory.py", line 120, in receive
    raise EndOfStream
anyio.EndOfStream

During handling of the above exception, another exception occurred:

Traceback (most recent call last):
  File "/Users/sakuard/dev/nlp/rag/venv/lib/python3.12/site-packages/chromadb/server/fastapi/__init__.py", line 75, in catch_exceptions_middleware
    return await call_next(request)
           ^^^^^^^^^^^^^^^^^^^^^^^^
  File "/Users/sakuard/dev/nlp/rag/venv/lib/python3.12/site-packages/starlette/middleware/base.py", line 165, in call_next
    raise app_exc
  File "/Users/sakuard/dev/nlp/rag/venv/lib/python3.12/site-packages/starlette/middleware/base.py", line 151, in coro
    await self.app(scope, receive_or_disconnect, send_no_error)
  File "/Users/sakuard/dev/nlp/rag/venv/lib/python3.12/site-packages/starlette/middleware/base.py", line 189, in __call__
    with collapse_excgroups():
  File "/Users/sakuard/.pyenv/versions/3.12.0/lib/python3.12/contextlib.py", line 155, in __exit__
    self.gen.throw(value)
  File "/Users/sakuard/dev/nlp/rag/venv/lib/python3.12/site-packages/starlette/_utils.py", line 93, in collapse_excgroups
    raise exc
  File "/Users/sakuard/dev/nlp/rag/venv/lib/python3.12/site-packages/starlette/middleware/base.py", line 191, in __call__
    response = await self.dispatch_func(request, call_next)
               ^^^^^^^^^^^^^^^^^^^^^^^^^^^^^^^^^^^^^^^^^^^^
  File "/Users/sakuard/dev/nlp/rag/venv/lib/python3.12/site-packages/chromadb/server/fastapi/__init__.py", line 89, in check_http_version_middleware
    return await call_next(request)
           ^^^^^^^^^^^^^^^^^^^^^^^^
  File "/Users/sakuard/dev/nlp/rag/venv/lib/python3.12/site-packages/starlette/middleware/base.py", line 165, in call_next
    raise app_exc
  File "/Users/sakuard/dev/nlp/rag/venv/lib/python3.12/site-packages/starlette/middleware/base.py", line 151, in coro
    await self.app(scope, receive_or_disconnect, send_no_error)
  File "/Users/sakuard/dev/nlp/rag/venv/lib/python3.12/site-packages/starlette/middleware/exceptions.py", line 65, in __call__
    await wrap_app_handling_exceptions(self.app, conn)(scope, receive, send)
  File "/Users/sakuard/dev/nlp/rag/venv/lib/python3.12/site-packages/starlette/_exception_handler.py", line 64, in wrapped_app
    raise exc
  File "/Users/sakuard/dev/nlp/rag/venv/lib/python3.12/site-packages/starlette/_exception_handler.py", line 53, in wrapped_app
    await app(scope, receive, sender)
  File "/Users/sakuard/dev/nlp/rag/venv/lib/python3.12/site-packages/starlette/routing.py", line 756, in __call__
    await self.middleware_stack(scope, receive, send)
  File "/Users/sakuard/dev/nlp/rag/venv/lib/python3.12/site-packages/starlette/routing.py", line 776, in app
    await route.handle(scope, receive, send)
  File "/Users/sakuard/dev/nlp/rag/venv/lib/python3.12/site-packages/starlette/routing.py", line 297, in handle
    await self.app(scope, receive, send)
  File "/Users/sakuard/dev/nlp/rag/venv/lib/python3.12/site-packages/starlette/routing.py", line 77, in app
    await wrap_app_handling_exceptions(app, request)(scope, receive, send)
  File "/Users/sakuard/dev/nlp/rag/venv/lib/python3.12/site-packages/starlette/_exception_handler.py", line 64, in wrapped_app
    raise exc
  File "/Users/sakuard/dev/nlp/rag/venv/lib/python3.12/site-packages/starlette/_exception_handler.py", line 53, in wrapped_app
    await app(scope, receive, sender)
  File "/Users/sakuard/dev/nlp/rag/venv/lib/python3.12/site-packages/starlette/routing.py", line 72, in app
    response = await func(request)
               ^^^^^^^^^^^^^^^^^^^
  File "/Users/sakuard/dev/nlp/rag/venv/lib/python3.12/site-packages/fastapi/routing.py", line 278, in app
    raw_response = await run_endpoint_function(
                   ^^^^^^^^^^^^^^^^^^^^^^^^^^^^
  File "/Users/sakuard/dev/nlp/rag/venv/lib/python3.12/site-packages/fastapi/routing.py", line 191, in run_endpoint_function
    return await dependant.call(**values)
           ^^^^^^^^^^^^^^^^^^^^^^^^^^^^^^
  File "/Users/sakuard/dev/nlp/rag/venv/lib/python3.12/site-packages/chromadb/telemetry/opentelemetry/__init__.py", line 133, in async_wrapper
    return await f(*args, **kwargs)
           ^^^^^^^^^^^^^^^^^^^^^^^^
  File "/Users/sakuard/dev/nlp/rag/venv/lib/python3.12/site-packages/chromadb/server/fastapi/__init__.py", line 891, in reset
    await to_thread.run_sync(
  File "/Users/sakuard/dev/nlp/rag/venv/lib/python3.12/site-packages/anyio/to_thread.py", line 56, in run_sync
    return await get_async_backend().run_sync_in_worker_thread(
           ^^^^^^^^^^^^^^^^^^^^^^^^^^^^^^^^^^^^^^^^^^^^^^^^^^^^
  File "/Users/sakuard/dev/nlp/rag/venv/lib/python3.12/site-packages/anyio/_backends/_asyncio.py", line 2177, in run_sync_in_worker_thread
    return await future
           ^^^^^^^^^^^^
  File "/Users/sakuard/dev/nlp/rag/venv/lib/python3.12/site-packages/anyio/_backends/_asyncio.py", line 859, in run
    result = context.run(func, *args)
             ^^^^^^^^^^^^^^^^^^^^^^^^
  File "/Users/sakuard/dev/nlp/rag/venv/lib/python3.12/site-packages/chromadb/api/segment.py", line 803, in reset
    self._system.reset_state()
  File "/Users/sakuard/dev/nlp/rag/venv/lib/python3.12/site-packages/chromadb/config.py", line 430, in reset_state
    raise ValueError(
ValueError: Resetting is not allowed by this configuration (to enable it, set `allow_reset` to `True` in your Settings() or include `ALLOW_RESET=TRUE` in your environment variables)
[32mINFO[0m:     [24-07-2024 18:12:35] ::1:62603 - "POST /api/v1/reset HTTP/1.1" 500
[32mINFO[0m:     [24-07-2024 18:15:50] ::1:62607 - "DELETE /api/v1/collections/docs?tenant=default_tenant&database=default_database HTTP/1.1" 200
[32mINFO[0m:     [24-07-2024 18:15:57] ::1:62607 - "POST /api/v1/collections/b5ec485e-e5f6-4f5e-b246-7b56d0a7e057/get HTTP/1.1" 400
[32mINFO[0m:     [24-07-2024 18:16:06] ::1:62608 - "GET /api/v1/tenants/default_tenant HTTP/1.1" 200
[32mINFO[0m:     [24-07-2024 18:16:06] ::1:62608 - "GET /api/v1/databases/default_database?tenant=default_tenant HTTP/1.1" 200
[32mINFO[0m:     [24-07-2024 18:16:06] ::1:62609 - "POST /api/v1/collections?tenant=default_tenant&database=default_database HTTP/1.1" 200
[36mDEBUG[0m:    [24-07-2024 18:16:15] Collection docs already exists, returning existing collection.
[32mINFO[0m:     [24-07-2024 18:16:15] ::1:62609 - "POST /api/v1/collections?tenant=default_tenant&database=default_database HTTP/1.1" 200
[32mINFO[0m:     [24-07-2024 18:16:18] ::1:62609 - "POST /api/v1/collections/592edcdb-ddf5-4ef4-abeb-e35afd935058/get HTTP/1.1" 200
[32mINFO[0m:     [24-07-2024 18:16:22] ::1:62609 - "GET /api/v1/pre-flight-checks HTTP/1.1" 200
[36mDEBUG[0m:    [24-07-2024 18:16:22] Starting component PersistentLocalHnswSegment
[32mINFO[0m:     [24-07-2024 18:16:22] ::1:62609 - "POST /api/v1/collections/592edcdb-ddf5-4ef4-abeb-e35afd935058/add HTTP/1.1" 201
[32mINFO[0m:     [24-07-2024 18:16:22] ::1:62609 - "POST /api/v1/collections/592edcdb-ddf5-4ef4-abeb-e35afd935058/add HTTP/1.1" 201
[32mINFO[0m:     [24-07-2024 18:16:23] ::1:62609 - "POST /api/v1/collections/592edcdb-ddf5-4ef4-abeb-e35afd935058/add HTTP/1.1" 201
[32mINFO[0m:     [24-07-2024 18:16:23] ::1:62609 - "POST /api/v1/collections/592edcdb-ddf5-4ef4-abeb-e35afd935058/add HTTP/1.1" 201
[32mINFO[0m:     [24-07-2024 18:16:24] ::1:62609 - "POST /api/v1/collections/592edcdb-ddf5-4ef4-abeb-e35afd935058/add HTTP/1.1" 201
[32mINFO[0m:     [24-07-2024 18:16:24] ::1:62609 - "POST /api/v1/collections/592edcdb-ddf5-4ef4-abeb-e35afd935058/add HTTP/1.1" 201
[32mINFO[0m:     [24-07-2024 18:16:24] ::1:62609 - "POST /api/v1/collections/592edcdb-ddf5-4ef4-abeb-e35afd935058/add HTTP/1.1" 201
[32mINFO[0m:     [24-07-2024 18:16:25] ::1:62609 - "POST /api/v1/collections/592edcdb-ddf5-4ef4-abeb-e35afd935058/add HTTP/1.1" 201
[32mINFO[0m:     [24-07-2024 18:16:25] ::1:62609 - "POST /api/v1/collections/592edcdb-ddf5-4ef4-abeb-e35afd935058/add HTTP/1.1" 201
[32mINFO[0m:     [24-07-2024 18:16:26] ::1:62609 - "POST /api/v1/collections/592edcdb-ddf5-4ef4-abeb-e35afd935058/add HTTP/1.1" 201
[32mINFO[0m:     [24-07-2024 18:16:26] ::1:62609 - "POST /api/v1/collections/592edcdb-ddf5-4ef4-abeb-e35afd935058/add HTTP/1.1" 201
[32mINFO[0m:     [24-07-2024 18:16:27] ::1:62609 - "POST /api/v1/collections/592edcdb-ddf5-4ef4-abeb-e35afd935058/add HTTP/1.1" 201
[32mINFO[0m:     [24-07-2024 18:16:27] ::1:62609 - "POST /api/v1/collections/592edcdb-ddf5-4ef4-abeb-e35afd935058/add HTTP/1.1" 201
[32mINFO[0m:     [24-07-2024 18:16:28] ::1:62609 - "POST /api/v1/collections/592edcdb-ddf5-4ef4-abeb-e35afd935058/add HTTP/1.1" 201
[32mINFO[0m:     [24-07-2024 18:16:28] ::1:62609 - "POST /api/v1/collections/592edcdb-ddf5-4ef4-abeb-e35afd935058/add HTTP/1.1" 201
[32mINFO[0m:     [24-07-2024 18:16:28] ::1:62609 - "POST /api/v1/collections/592edcdb-ddf5-4ef4-abeb-e35afd935058/add HTTP/1.1" 201
[32mINFO[0m:     [24-07-2024 18:16:28] ::1:62609 - "POST /api/v1/collections/592edcdb-ddf5-4ef4-abeb-e35afd935058/add HTTP/1.1" 201
[32mINFO[0m:     [24-07-2024 18:16:29] ::1:62609 - "POST /api/v1/collections/592edcdb-ddf5-4ef4-abeb-e35afd935058/add HTTP/1.1" 201
[32mINFO[0m:     [24-07-2024 18:16:29] ::1:62609 - "POST /api/v1/collections/592edcdb-ddf5-4ef4-abeb-e35afd935058/add HTTP/1.1" 201
[32mINFO[0m:     [24-07-2024 18:16:30] ::1:62609 - "POST /api/v1/collections/592edcdb-ddf5-4ef4-abeb-e35afd935058/add HTTP/1.1" 201
[32mINFO[0m:     [24-07-2024 18:16:30] ::1:62609 - "POST /api/v1/collections/592edcdb-ddf5-4ef4-abeb-e35afd935058/query HTTP/1.1" 200
[32mINFO[0m:     [24-07-2024 18:17:13] ::1:62633 - "POST /api/v1/collections/592edcdb-ddf5-4ef4-abeb-e35afd935058/query HTTP/1.1" 200
[32mINFO[0m:     [24-07-2024 18:17:31] ::1:62633 - "POST /api/v1/collections/592edcdb-ddf5-4ef4-abeb-e35afd935058/query HTTP/1.1" 200
[32mINFO[0m:     [25-07-2024 08:35:23] ::1:65371 - "POST /api/v1/collections/592edcdb-ddf5-4ef4-abeb-e35afd935058/get HTTP/1.1" 200
[32mINFO[0m:     [25-07-2024 08:35:47] ::1:65371 - "POST /api/v1/collections/592edcdb-ddf5-4ef4-abeb-e35afd935058/get HTTP/1.1" 200
[32mINFO[0m:     [25-07-2024 08:38:44] ::1:65377 - "POST /api/v1/collections/592edcdb-ddf5-4ef4-abeb-e35afd935058/get HTTP/1.1" 200
[32mINFO[0m:     [25-07-2024 08:40:02] ::1:65379 - "POST /api/v1/collections/592edcdb-ddf5-4ef4-abeb-e35afd935058/get HTTP/1.1" 200
[31mERROR[0m:    [25-07-2024 08:40:11] 
                You must provide either ids, where, or where_document to delete. If
                you want to delete all data in a collection you can delete the
                collection itself using the delete_collection method. Or alternatively,
                you can get() all the relevant ids and then delete them.
                
Traceback (most recent call last):
  File "/Users/sakuard/dev/nlp/rag/venv/lib/python3.12/site-packages/anyio/streams/memory.py", line 105, in receive
    return self.receive_nowait()
           ^^^^^^^^^^^^^^^^^^^^^
  File "/Users/sakuard/dev/nlp/rag/venv/lib/python3.12/site-packages/anyio/streams/memory.py", line 100, in receive_nowait
    raise WouldBlock
anyio.WouldBlock

During handling of the above exception, another exception occurred:

Traceback (most recent call last):
  File "/Users/sakuard/dev/nlp/rag/venv/lib/python3.12/site-packages/anyio/streams/memory.py", line 118, in receive
    return receiver.item
           ^^^^^^^^^^^^^
AttributeError: 'MemoryObjectItemReceiver' object has no attribute 'item'

During handling of the above exception, another exception occurred:

Traceback (most recent call last):
  File "/Users/sakuard/dev/nlp/rag/venv/lib/python3.12/site-packages/starlette/middleware/base.py", line 159, in call_next
    message = await recv_stream.receive()
              ^^^^^^^^^^^^^^^^^^^^^^^^^^^
  File "/Users/sakuard/dev/nlp/rag/venv/lib/python3.12/site-packages/anyio/streams/memory.py", line 120, in receive
    raise EndOfStream
anyio.EndOfStream

During handling of the above exception, another exception occurred:

Traceback (most recent call last):
  File "/Users/sakuard/dev/nlp/rag/venv/lib/python3.12/site-packages/chromadb/server/fastapi/__init__.py", line 75, in catch_exceptions_middleware
    return await call_next(request)
           ^^^^^^^^^^^^^^^^^^^^^^^^
  File "/Users/sakuard/dev/nlp/rag/venv/lib/python3.12/site-packages/starlette/middleware/base.py", line 165, in call_next
    raise app_exc
  File "/Users/sakuard/dev/nlp/rag/venv/lib/python3.12/site-packages/starlette/middleware/base.py", line 151, in coro
    await self.app(scope, receive_or_disconnect, send_no_error)
  File "/Users/sakuard/dev/nlp/rag/venv/lib/python3.12/site-packages/starlette/middleware/base.py", line 189, in __call__
    with collapse_excgroups():
  File "/Users/sakuard/.pyenv/versions/3.12.0/lib/python3.12/contextlib.py", line 155, in __exit__
    self.gen.throw(value)
  File "/Users/sakuard/dev/nlp/rag/venv/lib/python3.12/site-packages/starlette/_utils.py", line 93, in collapse_excgroups
    raise exc
  File "/Users/sakuard/dev/nlp/rag/venv/lib/python3.12/site-packages/starlette/middleware/base.py", line 191, in __call__
    response = await self.dispatch_func(request, call_next)
               ^^^^^^^^^^^^^^^^^^^^^^^^^^^^^^^^^^^^^^^^^^^^
  File "/Users/sakuard/dev/nlp/rag/venv/lib/python3.12/site-packages/chromadb/server/fastapi/__init__.py", line 89, in check_http_version_middleware
    return await call_next(request)
           ^^^^^^^^^^^^^^^^^^^^^^^^
  File "/Users/sakuard/dev/nlp/rag/venv/lib/python3.12/site-packages/starlette/middleware/base.py", line 165, in call_next
    raise app_exc
  File "/Users/sakuard/dev/nlp/rag/venv/lib/python3.12/site-packages/starlette/middleware/base.py", line 151, in coro
    await self.app(scope, receive_or_disconnect, send_no_error)
  File "/Users/sakuard/dev/nlp/rag/venv/lib/python3.12/site-packages/starlette/middleware/exceptions.py", line 65, in __call__
    await wrap_app_handling_exceptions(self.app, conn)(scope, receive, send)
  File "/Users/sakuard/dev/nlp/rag/venv/lib/python3.12/site-packages/starlette/_exception_handler.py", line 64, in wrapped_app
    raise exc
  File "/Users/sakuard/dev/nlp/rag/venv/lib/python3.12/site-packages/starlette/_exception_handler.py", line 53, in wrapped_app
    await app(scope, receive, sender)
  File "/Users/sakuard/dev/nlp/rag/venv/lib/python3.12/site-packages/starlette/routing.py", line 756, in __call__
    await self.middleware_stack(scope, receive, send)
  File "/Users/sakuard/dev/nlp/rag/venv/lib/python3.12/site-packages/starlette/routing.py", line 776, in app
    await route.handle(scope, receive, send)
  File "/Users/sakuard/dev/nlp/rag/venv/lib/python3.12/site-packages/starlette/routing.py", line 297, in handle
    await self.app(scope, receive, send)
  File "/Users/sakuard/dev/nlp/rag/venv/lib/python3.12/site-packages/starlette/routing.py", line 77, in app
    await wrap_app_handling_exceptions(app, request)(scope, receive, send)
  File "/Users/sakuard/dev/nlp/rag/venv/lib/python3.12/site-packages/starlette/_exception_handler.py", line 64, in wrapped_app
    raise exc
  File "/Users/sakuard/dev/nlp/rag/venv/lib/python3.12/site-packages/starlette/_exception_handler.py", line 53, in wrapped_app
    await app(scope, receive, sender)
  File "/Users/sakuard/dev/nlp/rag/venv/lib/python3.12/site-packages/starlette/routing.py", line 72, in app
    response = await func(request)
               ^^^^^^^^^^^^^^^^^^^
  File "/Users/sakuard/dev/nlp/rag/venv/lib/python3.12/site-packages/fastapi/routing.py", line 278, in app
    raw_response = await run_endpoint_function(
                   ^^^^^^^^^^^^^^^^^^^^^^^^^^^^
  File "/Users/sakuard/dev/nlp/rag/venv/lib/python3.12/site-packages/fastapi/routing.py", line 191, in run_endpoint_function
    return await dependant.call(**values)
           ^^^^^^^^^^^^^^^^^^^^^^^^^^^^^^
  File "/Users/sakuard/dev/nlp/rag/venv/lib/python3.12/site-packages/chromadb/telemetry/opentelemetry/__init__.py", line 133, in async_wrapper
    return await f(*args, **kwargs)
           ^^^^^^^^^^^^^^^^^^^^^^^^
  File "/Users/sakuard/dev/nlp/rag/venv/lib/python3.12/site-packages/chromadb/server/fastapi/__init__.py", line 845, in delete
    await to_thread.run_sync(
  File "/Users/sakuard/dev/nlp/rag/venv/lib/python3.12/site-packages/anyio/to_thread.py", line 56, in run_sync
    return await get_async_backend().run_sync_in_worker_thread(
           ^^^^^^^^^^^^^^^^^^^^^^^^^^^^^^^^^^^^^^^^^^^^^^^^^^^^
  File "/Users/sakuard/dev/nlp/rag/venv/lib/python3.12/site-packages/anyio/_backends/_asyncio.py", line 2177, in run_sync_in_worker_thread
    return await future
           ^^^^^^^^^^^^
  File "/Users/sakuard/dev/nlp/rag/venv/lib/python3.12/site-packages/anyio/_backends/_asyncio.py", line 859, in run
    result = context.run(func, *args)
             ^^^^^^^^^^^^^^^^^^^^^^^^
  File "/Users/sakuard/dev/nlp/rag/venv/lib/python3.12/site-packages/chromadb/server/fastapi/__init__.py", line 836, in process_delete
    return self._api._delete(
           ^^^^^^^^^^^^^^^^^^
  File "/Users/sakuard/dev/nlp/rag/venv/lib/python3.12/site-packages/chromadb/telemetry/opentelemetry/__init__.py", line 146, in wrapper
    return f(*args, **kwargs)
           ^^^^^^^^^^^^^^^^^^
  File "/Users/sakuard/dev/nlp/rag/venv/lib/python3.12/site-packages/chromadb/api/segment.py", line 605, in _delete
    raise ValueError(
ValueError: 
                You must provide either ids, where, or where_document to delete. If
                you want to delete all data in a collection you can delete the
                collection itself using the delete_collection method. Or alternatively,
                you can get() all the relevant ids and then delete them.
                
[32mINFO[0m:     [25-07-2024 08:40:11] ::1:65379 - "POST /api/v1/collections/592edcdb-ddf5-4ef4-abeb-e35afd935058/delete HTTP/1.1" 500
[31mERROR[0m:    [25-07-2024 08:40:27] 
                You must provide either ids, where, or where_document to delete. If
                you want to delete all data in a collection you can delete the
                collection itself using the delete_collection method. Or alternatively,
                you can get() all the relevant ids and then delete them.
                
Traceback (most recent call last):
  File "/Users/sakuard/dev/nlp/rag/venv/lib/python3.12/site-packages/anyio/streams/memory.py", line 105, in receive
    return self.receive_nowait()
           ^^^^^^^^^^^^^^^^^^^^^
  File "/Users/sakuard/dev/nlp/rag/venv/lib/python3.12/site-packages/anyio/streams/memory.py", line 100, in receive_nowait
    raise WouldBlock
anyio.WouldBlock

During handling of the above exception, another exception occurred:

Traceback (most recent call last):
  File "/Users/sakuard/dev/nlp/rag/venv/lib/python3.12/site-packages/anyio/streams/memory.py", line 118, in receive
    return receiver.item
           ^^^^^^^^^^^^^
AttributeError: 'MemoryObjectItemReceiver' object has no attribute 'item'

During handling of the above exception, another exception occurred:

Traceback (most recent call last):
  File "/Users/sakuard/dev/nlp/rag/venv/lib/python3.12/site-packages/starlette/middleware/base.py", line 159, in call_next
    message = await recv_stream.receive()
              ^^^^^^^^^^^^^^^^^^^^^^^^^^^
  File "/Users/sakuard/dev/nlp/rag/venv/lib/python3.12/site-packages/anyio/streams/memory.py", line 120, in receive
    raise EndOfStream
anyio.EndOfStream

During handling of the above exception, another exception occurred:

Traceback (most recent call last):
  File "/Users/sakuard/dev/nlp/rag/venv/lib/python3.12/site-packages/chromadb/server/fastapi/__init__.py", line 75, in catch_exceptions_middleware
    return await call_next(request)
           ^^^^^^^^^^^^^^^^^^^^^^^^
  File "/Users/sakuard/dev/nlp/rag/venv/lib/python3.12/site-packages/starlette/middleware/base.py", line 165, in call_next
    raise app_exc
  File "/Users/sakuard/dev/nlp/rag/venv/lib/python3.12/site-packages/starlette/middleware/base.py", line 151, in coro
    await self.app(scope, receive_or_disconnect, send_no_error)
  File "/Users/sakuard/dev/nlp/rag/venv/lib/python3.12/site-packages/starlette/middleware/base.py", line 189, in __call__
    with collapse_excgroups():
  File "/Users/sakuard/.pyenv/versions/3.12.0/lib/python3.12/contextlib.py", line 155, in __exit__
    self.gen.throw(value)
  File "/Users/sakuard/dev/nlp/rag/venv/lib/python3.12/site-packages/starlette/_utils.py", line 93, in collapse_excgroups
    raise exc
  File "/Users/sakuard/dev/nlp/rag/venv/lib/python3.12/site-packages/starlette/middleware/base.py", line 191, in __call__
    response = await self.dispatch_func(request, call_next)
               ^^^^^^^^^^^^^^^^^^^^^^^^^^^^^^^^^^^^^^^^^^^^
  File "/Users/sakuard/dev/nlp/rag/venv/lib/python3.12/site-packages/chromadb/server/fastapi/__init__.py", line 89, in check_http_version_middleware
    return await call_next(request)
           ^^^^^^^^^^^^^^^^^^^^^^^^
  File "/Users/sakuard/dev/nlp/rag/venv/lib/python3.12/site-packages/starlette/middleware/base.py", line 165, in call_next
    raise app_exc
  File "/Users/sakuard/dev/nlp/rag/venv/lib/python3.12/site-packages/starlette/middleware/base.py", line 151, in coro
    await self.app(scope, receive_or_disconnect, send_no_error)
  File "/Users/sakuard/dev/nlp/rag/venv/lib/python3.12/site-packages/starlette/middleware/exceptions.py", line 65, in __call__
    await wrap_app_handling_exceptions(self.app, conn)(scope, receive, send)
  File "/Users/sakuard/dev/nlp/rag/venv/lib/python3.12/site-packages/starlette/_exception_handler.py", line 64, in wrapped_app
    raise exc
  File "/Users/sakuard/dev/nlp/rag/venv/lib/python3.12/site-packages/starlette/_exception_handler.py", line 53, in wrapped_app
    await app(scope, receive, sender)
  File "/Users/sakuard/dev/nlp/rag/venv/lib/python3.12/site-packages/starlette/routing.py", line 756, in __call__
    await self.middleware_stack(scope, receive, send)
  File "/Users/sakuard/dev/nlp/rag/venv/lib/python3.12/site-packages/starlette/routing.py", line 776, in app
    await route.handle(scope, receive, send)
  File "/Users/sakuard/dev/nlp/rag/venv/lib/python3.12/site-packages/starlette/routing.py", line 297, in handle
    await self.app(scope, receive, send)
  File "/Users/sakuard/dev/nlp/rag/venv/lib/python3.12/site-packages/starlette/routing.py", line 77, in app
    await wrap_app_handling_exceptions(app, request)(scope, receive, send)
  File "/Users/sakuard/dev/nlp/rag/venv/lib/python3.12/site-packages/starlette/_exception_handler.py", line 64, in wrapped_app
    raise exc
  File "/Users/sakuard/dev/nlp/rag/venv/lib/python3.12/site-packages/starlette/_exception_handler.py", line 53, in wrapped_app
    await app(scope, receive, sender)
  File "/Users/sakuard/dev/nlp/rag/venv/lib/python3.12/site-packages/starlette/routing.py", line 72, in app
    response = await func(request)
               ^^^^^^^^^^^^^^^^^^^
  File "/Users/sakuard/dev/nlp/rag/venv/lib/python3.12/site-packages/fastapi/routing.py", line 278, in app
    raw_response = await run_endpoint_function(
                   ^^^^^^^^^^^^^^^^^^^^^^^^^^^^
  File "/Users/sakuard/dev/nlp/rag/venv/lib/python3.12/site-packages/fastapi/routing.py", line 191, in run_endpoint_function
    return await dependant.call(**values)
           ^^^^^^^^^^^^^^^^^^^^^^^^^^^^^^
  File "/Users/sakuard/dev/nlp/rag/venv/lib/python3.12/site-packages/chromadb/telemetry/opentelemetry/__init__.py", line 133, in async_wrapper
    return await f(*args, **kwargs)
           ^^^^^^^^^^^^^^^^^^^^^^^^
  File "/Users/sakuard/dev/nlp/rag/venv/lib/python3.12/site-packages/chromadb/server/fastapi/__init__.py", line 845, in delete
    await to_thread.run_sync(
  File "/Users/sakuard/dev/nlp/rag/venv/lib/python3.12/site-packages/anyio/to_thread.py", line 56, in run_sync
    return await get_async_backend().run_sync_in_worker_thread(
           ^^^^^^^^^^^^^^^^^^^^^^^^^^^^^^^^^^^^^^^^^^^^^^^^^^^^
  File "/Users/sakuard/dev/nlp/rag/venv/lib/python3.12/site-packages/anyio/_backends/_asyncio.py", line 2177, in run_sync_in_worker_thread
    return await future
           ^^^^^^^^^^^^
  File "/Users/sakuard/dev/nlp/rag/venv/lib/python3.12/site-packages/anyio/_backends/_asyncio.py", line 859, in run
    result = context.run(func, *args)
             ^^^^^^^^^^^^^^^^^^^^^^^^
  File "/Users/sakuard/dev/nlp/rag/venv/lib/python3.12/site-packages/chromadb/server/fastapi/__init__.py", line 836, in process_delete
    return self._api._delete(
           ^^^^^^^^^^^^^^^^^^
  File "/Users/sakuard/dev/nlp/rag/venv/lib/python3.12/site-packages/chromadb/telemetry/opentelemetry/__init__.py", line 146, in wrapper
    return f(*args, **kwargs)
           ^^^^^^^^^^^^^^^^^^
  File "/Users/sakuard/dev/nlp/rag/venv/lib/python3.12/site-packages/chromadb/api/segment.py", line 605, in _delete
    raise ValueError(
ValueError: 
                You must provide either ids, where, or where_document to delete. If
                you want to delete all data in a collection you can delete the
                collection itself using the delete_collection method. Or alternatively,
                you can get() all the relevant ids and then delete them.
                
[32mINFO[0m:     [25-07-2024 08:40:27] ::1:65379 - "POST /api/v1/collections/592edcdb-ddf5-4ef4-abeb-e35afd935058/delete HTTP/1.1" 500
[32mINFO[0m:     [25-07-2024 08:40:34] ::1:65379 - "POST /api/v1/collections/592edcdb-ddf5-4ef4-abeb-e35afd935058/delete HTTP/1.1" 200
[32mINFO[0m:     [25-07-2024 08:40:38] ::1:65379 - "POST /api/v1/collections/592edcdb-ddf5-4ef4-abeb-e35afd935058/get HTTP/1.1" 200
[32mINFO[0m:     [25-07-2024 08:41:44] ::1:65382 - "POST /api/v1/collections/592edcdb-ddf5-4ef4-abeb-e35afd935058/get HTTP/1.1" 200
[32mINFO[0m:     [25-07-2024 08:42:03] ::1:65382 - "POST /api/v1/collections/592edcdb-ddf5-4ef4-abeb-e35afd935058/get HTTP/1.1" 200
[32mINFO[0m:     [25-07-2024 08:42:03] ::1:65382 - "POST /api/v1/collections/592edcdb-ddf5-4ef4-abeb-e35afd935058/delete HTTP/1.1" 200
[32mINFO[0m:     [25-07-2024 08:42:03] ::1:65382 - "POST /api/v1/collections/592edcdb-ddf5-4ef4-abeb-e35afd935058/delete HTTP/1.1" 200
[32mINFO[0m:     [25-07-2024 08:42:03] ::1:65382 - "POST /api/v1/collections/592edcdb-ddf5-4ef4-abeb-e35afd935058/delete HTTP/1.1" 200
[32mINFO[0m:     [25-07-2024 08:42:03] ::1:65382 - "POST /api/v1/collections/592edcdb-ddf5-4ef4-abeb-e35afd935058/delete HTTP/1.1" 200
[32mINFO[0m:     [25-07-2024 08:42:03] ::1:65382 - "POST /api/v1/collections/592edcdb-ddf5-4ef4-abeb-e35afd935058/delete HTTP/1.1" 200
[32mINFO[0m:     [25-07-2024 08:42:03] ::1:65382 - "POST /api/v1/collections/592edcdb-ddf5-4ef4-abeb-e35afd935058/delete HTTP/1.1" 200
[32mINFO[0m:     [25-07-2024 08:42:03] ::1:65382 - "POST /api/v1/collections/592edcdb-ddf5-4ef4-abeb-e35afd935058/delete HTTP/1.1" 200
[32mINFO[0m:     [25-07-2024 08:42:03] ::1:65382 - "POST /api/v1/collections/592edcdb-ddf5-4ef4-abeb-e35afd935058/delete HTTP/1.1" 200
[32mINFO[0m:     [25-07-2024 08:42:03] ::1:65382 - "POST /api/v1/collections/592edcdb-ddf5-4ef4-abeb-e35afd935058/delete HTTP/1.1" 200
[32mINFO[0m:     [25-07-2024 08:42:03] ::1:65382 - "POST /api/v1/collections/592edcdb-ddf5-4ef4-abeb-e35afd935058/delete HTTP/1.1" 200
[32mINFO[0m:     [25-07-2024 08:42:03] ::1:65382 - "POST /api/v1/collections/592edcdb-ddf5-4ef4-abeb-e35afd935058/delete HTTP/1.1" 200
[32mINFO[0m:     [25-07-2024 08:42:03] ::1:65382 - "POST /api/v1/collections/592edcdb-ddf5-4ef4-abeb-e35afd935058/delete HTTP/1.1" 200
[32mINFO[0m:     [25-07-2024 08:42:03] ::1:65382 - "POST /api/v1/collections/592edcdb-ddf5-4ef4-abeb-e35afd935058/delete HTTP/1.1" 200
[32mINFO[0m:     [25-07-2024 08:42:03] ::1:65382 - "POST /api/v1/collections/592edcdb-ddf5-4ef4-abeb-e35afd935058/delete HTTP/1.1" 200
[32mINFO[0m:     [25-07-2024 08:42:03] ::1:65382 - "POST /api/v1/collections/592edcdb-ddf5-4ef4-abeb-e35afd935058/delete HTTP/1.1" 200
[32mINFO[0m:     [25-07-2024 08:42:03] ::1:65382 - "POST /api/v1/collections/592edcdb-ddf5-4ef4-abeb-e35afd935058/delete HTTP/1.1" 200
[32mINFO[0m:     [25-07-2024 08:42:03] ::1:65382 - "POST /api/v1/collections/592edcdb-ddf5-4ef4-abeb-e35afd935058/delete HTTP/1.1" 200
[32mINFO[0m:     [25-07-2024 08:42:03] ::1:65382 - "POST /api/v1/collections/592edcdb-ddf5-4ef4-abeb-e35afd935058/delete HTTP/1.1" 200
[32mINFO[0m:     [25-07-2024 08:42:03] ::1:65382 - "POST /api/v1/collections/592edcdb-ddf5-4ef4-abeb-e35afd935058/delete HTTP/1.1" 200
[32mINFO[0m:     [25-07-2024 08:42:12] ::1:65382 - "POST /api/v1/collections/592edcdb-ddf5-4ef4-abeb-e35afd935058/get HTTP/1.1" 200
[32mINFO[0m:     [25-07-2024 08:42:31] ::1:65382 - "POST /api/v1/collections/592edcdb-ddf5-4ef4-abeb-e35afd935058/get HTTP/1.1" 200
[32mINFO[0m:     [25-07-2024 08:42:36] ::1:65382 - "POST /api/v1/collections/592edcdb-ddf5-4ef4-abeb-e35afd935058/get HTTP/1.1" 200
[32mINFO[0m:     [25-07-2024 08:42:45] ::1:65382 - "POST /api/v1/collections/592edcdb-ddf5-4ef4-abeb-e35afd935058/add HTTP/1.1" 201
[32mINFO[0m:     [25-07-2024 08:42:45] ::1:65382 - "POST /api/v1/collections/592edcdb-ddf5-4ef4-abeb-e35afd935058/add HTTP/1.1" 201
[32mINFO[0m:     [25-07-2024 08:42:46] ::1:65382 - "POST /api/v1/collections/592edcdb-ddf5-4ef4-abeb-e35afd935058/add HTTP/1.1" 201
[32mINFO[0m:     [25-07-2024 08:42:46] ::1:65382 - "POST /api/v1/collections/592edcdb-ddf5-4ef4-abeb-e35afd935058/add HTTP/1.1" 201
[32mINFO[0m:     [25-07-2024 08:42:46] ::1:65382 - "POST /api/v1/collections/592edcdb-ddf5-4ef4-abeb-e35afd935058/add HTTP/1.1" 201
[32mINFO[0m:     [25-07-2024 08:42:47] ::1:65382 - "POST /api/v1/collections/592edcdb-ddf5-4ef4-abeb-e35afd935058/add HTTP/1.1" 201
[32mINFO[0m:     [25-07-2024 08:42:47] ::1:65382 - "POST /api/v1/collections/592edcdb-ddf5-4ef4-abeb-e35afd935058/add HTTP/1.1" 201
[32mINFO[0m:     [25-07-2024 08:42:48] ::1:65382 - "POST /api/v1/collections/592edcdb-ddf5-4ef4-abeb-e35afd935058/add HTTP/1.1" 201
[32mINFO[0m:     [25-07-2024 08:42:48] ::1:65382 - "POST /api/v1/collections/592edcdb-ddf5-4ef4-abeb-e35afd935058/add HTTP/1.1" 201
[32mINFO[0m:     [25-07-2024 08:42:48] ::1:65382 - "POST /api/v1/collections/592edcdb-ddf5-4ef4-abeb-e35afd935058/add HTTP/1.1" 201
[32mINFO[0m:     [25-07-2024 08:42:49] ::1:65382 - "POST /api/v1/collections/592edcdb-ddf5-4ef4-abeb-e35afd935058/add HTTP/1.1" 201
[32mINFO[0m:     [25-07-2024 08:42:49] ::1:65382 - "POST /api/v1/collections/592edcdb-ddf5-4ef4-abeb-e35afd935058/add HTTP/1.1" 201
[32mINFO[0m:     [25-07-2024 08:42:50] ::1:65382 - "POST /api/v1/collections/592edcdb-ddf5-4ef4-abeb-e35afd935058/add HTTP/1.1" 201
[32mINFO[0m:     [25-07-2024 08:42:50] ::1:65382 - "POST /api/v1/collections/592edcdb-ddf5-4ef4-abeb-e35afd935058/add HTTP/1.1" 201
[32mINFO[0m:     [25-07-2024 08:42:51] ::1:65382 - "POST /api/v1/collections/592edcdb-ddf5-4ef4-abeb-e35afd935058/add HTTP/1.1" 201
[32mINFO[0m:     [25-07-2024 08:42:51] ::1:65382 - "POST /api/v1/collections/592edcdb-ddf5-4ef4-abeb-e35afd935058/add HTTP/1.1" 201
[32mINFO[0m:     [25-07-2024 08:42:51] ::1:65382 - "POST /api/v1/collections/592edcdb-ddf5-4ef4-abeb-e35afd935058/add HTTP/1.1" 201
[32mINFO[0m:     [25-07-2024 08:42:52] ::1:65382 - "POST /api/v1/collections/592edcdb-ddf5-4ef4-abeb-e35afd935058/add HTTP/1.1" 201
[32mINFO[0m:     [25-07-2024 08:42:52] ::1:65382 - "POST /api/v1/collections/592edcdb-ddf5-4ef4-abeb-e35afd935058/add HTTP/1.1" 201
[32mINFO[0m:     [25-07-2024 08:42:53] ::1:65382 - "POST /api/v1/collections/592edcdb-ddf5-4ef4-abeb-e35afd935058/add HTTP/1.1" 201
[32mINFO[0m:     [25-07-2024 08:42:53] ::1:65382 - "POST /api/v1/collections/592edcdb-ddf5-4ef4-abeb-e35afd935058/get HTTP/1.1" 200
[32mINFO[0m:     [25-07-2024 08:43:58] ::1:65409 - "POST /api/v1/collections/592edcdb-ddf5-4ef4-abeb-e35afd935058/get HTTP/1.1" 200
[32mINFO[0m:     [25-07-2024 08:44:04] ::1:65409 - "POST /api/v1/collections/592edcdb-ddf5-4ef4-abeb-e35afd935058/get HTTP/1.1" 200
[32mINFO[0m:     [25-07-2024 08:44:04] ::1:65409 - "POST /api/v1/collections/592edcdb-ddf5-4ef4-abeb-e35afd935058/delete HTTP/1.1" 200
[32mINFO[0m:     [25-07-2024 08:44:04] ::1:65409 - "POST /api/v1/collections/592edcdb-ddf5-4ef4-abeb-e35afd935058/delete HTTP/1.1" 200
[32mINFO[0m:     [25-07-2024 08:44:04] ::1:65409 - "POST /api/v1/collections/592edcdb-ddf5-4ef4-abeb-e35afd935058/delete HTTP/1.1" 200
[32mINFO[0m:     [25-07-2024 08:44:04] ::1:65409 - "POST /api/v1/collections/592edcdb-ddf5-4ef4-abeb-e35afd935058/delete HTTP/1.1" 200
[32mINFO[0m:     [25-07-2024 08:44:04] ::1:65409 - "POST /api/v1/collections/592edcdb-ddf5-4ef4-abeb-e35afd935058/delete HTTP/1.1" 200
[32mINFO[0m:     [25-07-2024 08:44:04] ::1:65409 - "POST /api/v1/collections/592edcdb-ddf5-4ef4-abeb-e35afd935058/delete HTTP/1.1" 200
[32mINFO[0m:     [25-07-2024 08:44:04] ::1:65409 - "POST /api/v1/collections/592edcdb-ddf5-4ef4-abeb-e35afd935058/delete HTTP/1.1" 200
[32mINFO[0m:     [25-07-2024 08:44:04] ::1:65409 - "POST /api/v1/collections/592edcdb-ddf5-4ef4-abeb-e35afd935058/delete HTTP/1.1" 200
[32mINFO[0m:     [25-07-2024 08:44:04] ::1:65409 - "POST /api/v1/collections/592edcdb-ddf5-4ef4-abeb-e35afd935058/delete HTTP/1.1" 200
[32mINFO[0m:     [25-07-2024 08:44:04] ::1:65409 - "POST /api/v1/collections/592edcdb-ddf5-4ef4-abeb-e35afd935058/delete HTTP/1.1" 200
[32mINFO[0m:     [25-07-2024 08:44:04] ::1:65409 - "POST /api/v1/collections/592edcdb-ddf5-4ef4-abeb-e35afd935058/delete HTTP/1.1" 200
[32mINFO[0m:     [25-07-2024 08:44:04] ::1:65409 - "POST /api/v1/collections/592edcdb-ddf5-4ef4-abeb-e35afd935058/delete HTTP/1.1" 200
[32mINFO[0m:     [25-07-2024 08:44:04] ::1:65409 - "POST /api/v1/collections/592edcdb-ddf5-4ef4-abeb-e35afd935058/delete HTTP/1.1" 200
[32mINFO[0m:     [25-07-2024 08:44:04] ::1:65409 - "POST /api/v1/collections/592edcdb-ddf5-4ef4-abeb-e35afd935058/delete HTTP/1.1" 200
[32mINFO[0m:     [25-07-2024 08:44:04] ::1:65409 - "POST /api/v1/collections/592edcdb-ddf5-4ef4-abeb-e35afd935058/delete HTTP/1.1" 200
[32mINFO[0m:     [25-07-2024 08:44:04] ::1:65409 - "POST /api/v1/collections/592edcdb-ddf5-4ef4-abeb-e35afd935058/delete HTTP/1.1" 200
[32mINFO[0m:     [25-07-2024 08:44:04] ::1:65409 - "POST /api/v1/collections/592edcdb-ddf5-4ef4-abeb-e35afd935058/delete HTTP/1.1" 200
[32mINFO[0m:     [25-07-2024 08:44:04] ::1:65409 - "POST /api/v1/collections/592edcdb-ddf5-4ef4-abeb-e35afd935058/delete HTTP/1.1" 200
[32mINFO[0m:     [25-07-2024 08:44:04] ::1:65409 - "POST /api/v1/collections/592edcdb-ddf5-4ef4-abeb-e35afd935058/delete HTTP/1.1" 200
[32mINFO[0m:     [25-07-2024 08:44:04] ::1:65409 - "POST /api/v1/collections/592edcdb-ddf5-4ef4-abeb-e35afd935058/delete HTTP/1.1" 200
[32mINFO[0m:     [25-07-2024 08:49:45] ::1:49157 - "GET /api/v1/tenants/default_tenant HTTP/1.1" 200
[32mINFO[0m:     [25-07-2024 08:49:45] ::1:49157 - "GET /api/v1/databases/default_database?tenant=default_tenant HTTP/1.1" 200
[36mDEBUG[0m:    [25-07-2024 08:49:49] Collection docs already exists, returning existing collection.
[32mINFO[0m:     [25-07-2024 08:49:49] ::1:49159 - "POST /api/v1/collections?tenant=default_tenant&database=default_database HTTP/1.1" 200
[32mINFO[0m:     [25-07-2024 08:50:01] ::1:49159 - "POST /api/v1/collections/592edcdb-ddf5-4ef4-abeb-e35afd935058/get HTTP/1.1" 200
[32mINFO[0m:     [25-07-2024 08:50:22] ::1:49159 - "POST /api/v1/collections/592edcdb-ddf5-4ef4-abeb-e35afd935058/get HTTP/1.1" 200
[32mINFO[0m:     [25-07-2024 08:50:28] ::1:49159 - "GET /api/v1/pre-flight-checks HTTP/1.1" 200
[32mINFO[0m:     [25-07-2024 08:50:28] ::1:49159 - "POST /api/v1/collections/592edcdb-ddf5-4ef4-abeb-e35afd935058/add HTTP/1.1" 201
[32mINFO[0m:     [25-07-2024 08:50:28] ::1:49159 - "POST /api/v1/collections/592edcdb-ddf5-4ef4-abeb-e35afd935058/add HTTP/1.1" 201
[32mINFO[0m:     [25-07-2024 08:50:29] ::1:49159 - "POST /api/v1/collections/592edcdb-ddf5-4ef4-abeb-e35afd935058/add HTTP/1.1" 201
[32mINFO[0m:     [25-07-2024 08:50:29] ::1:49159 - "POST /api/v1/collections/592edcdb-ddf5-4ef4-abeb-e35afd935058/add HTTP/1.1" 201
[32mINFO[0m:     [25-07-2024 08:50:29] ::1:49159 - "POST /api/v1/collections/592edcdb-ddf5-4ef4-abeb-e35afd935058/add HTTP/1.1" 201
[32mINFO[0m:     [25-07-2024 08:50:30] ::1:49159 - "POST /api/v1/collections/592edcdb-ddf5-4ef4-abeb-e35afd935058/add HTTP/1.1" 201
[32mINFO[0m:     [25-07-2024 08:50:30] ::1:49159 - "POST /api/v1/collections/592edcdb-ddf5-4ef4-abeb-e35afd935058/add HTTP/1.1" 201
[32mINFO[0m:     [25-07-2024 08:50:31] ::1:49159 - "POST /api/v1/collections/592edcdb-ddf5-4ef4-abeb-e35afd935058/add HTTP/1.1" 201
[32mINFO[0m:     [25-07-2024 08:50:31] ::1:49159 - "POST /api/v1/collections/592edcdb-ddf5-4ef4-abeb-e35afd935058/add HTTP/1.1" 201
[32mINFO[0m:     [25-07-2024 08:50:31] ::1:49159 - "POST /api/v1/collections/592edcdb-ddf5-4ef4-abeb-e35afd935058/add HTTP/1.1" 201
[32mINFO[0m:     [25-07-2024 08:50:32] ::1:49159 - "POST /api/v1/collections/592edcdb-ddf5-4ef4-abeb-e35afd935058/add HTTP/1.1" 201
[32mINFO[0m:     [25-07-2024 08:50:32] ::1:49159 - "POST /api/v1/collections/592edcdb-ddf5-4ef4-abeb-e35afd935058/add HTTP/1.1" 201
[32mINFO[0m:     [25-07-2024 08:50:33] ::1:49159 - "POST /api/v1/collections/592edcdb-ddf5-4ef4-abeb-e35afd935058/add HTTP/1.1" 201
[32mINFO[0m:     [25-07-2024 08:50:33] ::1:49159 - "POST /api/v1/collections/592edcdb-ddf5-4ef4-abeb-e35afd935058/add HTTP/1.1" 201
[32mINFO[0m:     [25-07-2024 08:50:33] ::1:49159 - "POST /api/v1/collections/592edcdb-ddf5-4ef4-abeb-e35afd935058/add HTTP/1.1" 201
[32mINFO[0m:     [25-07-2024 08:50:34] ::1:49159 - "POST /api/v1/collections/592edcdb-ddf5-4ef4-abeb-e35afd935058/add HTTP/1.1" 201
[32mINFO[0m:     [25-07-2024 08:50:34] ::1:49159 - "POST /api/v1/collections/592edcdb-ddf5-4ef4-abeb-e35afd935058/add HTTP/1.1" 201
[32mINFO[0m:     [25-07-2024 08:50:34] ::1:49159 - "POST /api/v1/collections/592edcdb-ddf5-4ef4-abeb-e35afd935058/add HTTP/1.1" 201
[32mINFO[0m:     [25-07-2024 08:50:35] ::1:49159 - "POST /api/v1/collections/592edcdb-ddf5-4ef4-abeb-e35afd935058/add HTTP/1.1" 201
[32mINFO[0m:     [25-07-2024 08:50:35] ::1:49159 - "POST /api/v1/collections/592edcdb-ddf5-4ef4-abeb-e35afd935058/add HTTP/1.1" 201
[32mINFO[0m:     [25-07-2024 08:50:58] ::1:49159 - "POST /api/v1/collections/592edcdb-ddf5-4ef4-abeb-e35afd935058/get HTTP/1.1" 200
[32mINFO[0m:     [25-07-2024 08:51:07] ::1:49241 - "GET /api/v1/tenants/default_tenant HTTP/1.1" 200
[32mINFO[0m:     [25-07-2024 08:51:07] ::1:49241 - "GET /api/v1/databases/default_database?tenant=default_tenant HTTP/1.1" 200
[36mDEBUG[0m:    [25-07-2024 08:51:07] Collection docs already exists, returning existing collection.
[32mINFO[0m:     [25-07-2024 08:51:07] ::1:49242 - "POST /api/v1/collections?tenant=default_tenant&database=default_database HTTP/1.1" 200
[32mINFO[0m:     [25-07-2024 08:51:17] ::1:49242 - "POST /api/v1/collections/592edcdb-ddf5-4ef4-abeb-e35afd935058/get HTTP/1.1" 200
[32mINFO[0m:     [25-07-2024 08:51:30] ::1:49242 - "POST /api/v1/collections/592edcdb-ddf5-4ef4-abeb-e35afd935058/get HTTP/1.1" 200
[32mINFO[0m:     [25-07-2024 08:51:50] ::1:49305 - "GET /api/v1/tenants/default_tenant HTTP/1.1" 200
[32mINFO[0m:     [25-07-2024 08:51:50] ::1:49305 - "GET /api/v1/databases/default_database?tenant=default_tenant HTTP/1.1" 200
[36mDEBUG[0m:    [25-07-2024 08:51:50] Collection docs already exists, returning existing collection.
[32mINFO[0m:     [25-07-2024 08:51:50] ::1:49306 - "POST /api/v1/collections?tenant=default_tenant&database=default_database HTTP/1.1" 200
[32mINFO[0m:     [25-07-2024 08:51:54] ::1:49306 - "POST /api/v1/collections/592edcdb-ddf5-4ef4-abeb-e35afd935058/get HTTP/1.1" 200
[32mINFO[0m:     [25-07-2024 09:21:34] ::1:49459 - "POST /api/v1/collections/592edcdb-ddf5-4ef4-abeb-e35afd935058/get HTTP/1.1" 200
[32mINFO[0m:     [25-07-2024 09:21:34] ::1:49459 - "POST /api/v1/collections/592edcdb-ddf5-4ef4-abeb-e35afd935058/get HTTP/1.1" 200
[32mINFO[0m:     [25-07-2024 09:36:44] ::1:49535 - "POST /api/v1/collections/592edcdb-ddf5-4ef4-abeb-e35afd935058/get HTTP/1.1" 200
[32mINFO[0m:     [25-07-2024 09:36:44] ::1:49535 - "POST /api/v1/collections/592edcdb-ddf5-4ef4-abeb-e35afd935058/delete HTTP/1.1" 200
[32mINFO[0m:     [25-07-2024 09:36:44] ::1:49535 - "POST /api/v1/collections/592edcdb-ddf5-4ef4-abeb-e35afd935058/delete HTTP/1.1" 200
[32mINFO[0m:     [25-07-2024 09:36:44] ::1:49535 - "POST /api/v1/collections/592edcdb-ddf5-4ef4-abeb-e35afd935058/delete HTTP/1.1" 200
[32mINFO[0m:     [25-07-2024 09:36:44] ::1:49535 - "POST /api/v1/collections/592edcdb-ddf5-4ef4-abeb-e35afd935058/delete HTTP/1.1" 200
[32mINFO[0m:     [25-07-2024 09:36:44] ::1:49535 - "POST /api/v1/collections/592edcdb-ddf5-4ef4-abeb-e35afd935058/delete HTTP/1.1" 200
[32mINFO[0m:     [25-07-2024 09:36:44] ::1:49535 - "POST /api/v1/collections/592edcdb-ddf5-4ef4-abeb-e35afd935058/delete HTTP/1.1" 200
[32mINFO[0m:     [25-07-2024 09:36:44] ::1:49535 - "POST /api/v1/collections/592edcdb-ddf5-4ef4-abeb-e35afd935058/delete HTTP/1.1" 200
[32mINFO[0m:     [25-07-2024 09:36:44] ::1:49535 - "POST /api/v1/collections/592edcdb-ddf5-4ef4-abeb-e35afd935058/delete HTTP/1.1" 200
[32mINFO[0m:     [25-07-2024 09:36:44] ::1:49535 - "POST /api/v1/collections/592edcdb-ddf5-4ef4-abeb-e35afd935058/delete HTTP/1.1" 200
[32mINFO[0m:     [25-07-2024 09:36:44] ::1:49535 - "POST /api/v1/collections/592edcdb-ddf5-4ef4-abeb-e35afd935058/delete HTTP/1.1" 200
[32mINFO[0m:     [25-07-2024 09:36:44] ::1:49535 - "POST /api/v1/collections/592edcdb-ddf5-4ef4-abeb-e35afd935058/delete HTTP/1.1" 200
[32mINFO[0m:     [25-07-2024 09:36:44] ::1:49535 - "POST /api/v1/collections/592edcdb-ddf5-4ef4-abeb-e35afd935058/delete HTTP/1.1" 200
[32mINFO[0m:     [25-07-2024 09:36:44] ::1:49535 - "POST /api/v1/collections/592edcdb-ddf5-4ef4-abeb-e35afd935058/delete HTTP/1.1" 200
[32mINFO[0m:     [25-07-2024 09:36:44] ::1:49535 - "POST /api/v1/collections/592edcdb-ddf5-4ef4-abeb-e35afd935058/delete HTTP/1.1" 200
[32mINFO[0m:     [25-07-2024 09:36:44] ::1:49535 - "POST /api/v1/collections/592edcdb-ddf5-4ef4-abeb-e35afd935058/delete HTTP/1.1" 200
[32mINFO[0m:     [25-07-2024 09:36:44] ::1:49535 - "POST /api/v1/collections/592edcdb-ddf5-4ef4-abeb-e35afd935058/delete HTTP/1.1" 200
[32mINFO[0m:     [25-07-2024 09:36:44] ::1:49535 - "POST /api/v1/collections/592edcdb-ddf5-4ef4-abeb-e35afd935058/delete HTTP/1.1" 200
[32mINFO[0m:     [25-07-2024 09:36:44] ::1:49535 - "POST /api/v1/collections/592edcdb-ddf5-4ef4-abeb-e35afd935058/delete HTTP/1.1" 200
[32mINFO[0m:     [25-07-2024 09:36:44] ::1:49535 - "POST /api/v1/collections/592edcdb-ddf5-4ef4-abeb-e35afd935058/delete HTTP/1.1" 200
[32mINFO[0m:     [25-07-2024 09:36:44] ::1:49535 - "POST /api/v1/collections/592edcdb-ddf5-4ef4-abeb-e35afd935058/delete HTTP/1.1" 200
[32mINFO[0m:     [25-07-2024 09:36:44] ::1:49535 - "POST /api/v1/collections/592edcdb-ddf5-4ef4-abeb-e35afd935058/get HTTP/1.1" 200
[32mINFO[0m:     [25-07-2024 09:36:54] ::1:49535 - "POST /api/v1/collections/592edcdb-ddf5-4ef4-abeb-e35afd935058/get HTTP/1.1" 200
[32mINFO[0m:     [25-07-2024 09:37:03] ::1:49535 - "POST /api/v1/collections/592edcdb-ddf5-4ef4-abeb-e35afd935058/get HTTP/1.1" 200
[32mINFO[0m:     [25-07-2024 09:37:03] ::1:49535 - "POST /api/v1/collections/592edcdb-ddf5-4ef4-abeb-e35afd935058/get HTTP/1.1" 200
[32mINFO[0m:     [25-07-2024 09:37:08] ::1:49535 - "POST /api/v1/collections/592edcdb-ddf5-4ef4-abeb-e35afd935058/get HTTP/1.1" 200
[32mINFO[0m:     [25-07-2024 09:37:36] ::1:49547 - "GET /api/v1/tenants/default_tenant HTTP/1.1" 200
[32mINFO[0m:     [25-07-2024 09:37:36] ::1:49547 - "GET /api/v1/databases/default_database?tenant=default_tenant HTTP/1.1" 200
[36mDEBUG[0m:    [25-07-2024 09:37:37] Collection docs already exists, returning existing collection.
[32mINFO[0m:     [25-07-2024 09:37:37] ::1:49549 - "POST /api/v1/collections?tenant=default_tenant&database=default_database HTTP/1.1" 200
[32mINFO[0m:     [25-07-2024 09:37:43] ::1:49549 - "POST /api/v1/collections/592edcdb-ddf5-4ef4-abeb-e35afd935058/get HTTP/1.1" 200
[32mINFO[0m:     [25-07-2024 09:37:53] ::1:49549 - "POST /api/v1/collections/592edcdb-ddf5-4ef4-abeb-e35afd935058/get HTTP/1.1" 200
[32mINFO[0m:     [25-07-2024 09:37:54] ::1:49549 - "GET /api/v1/pre-flight-checks HTTP/1.1" 200
[32mINFO[0m:     [25-07-2024 09:37:54] ::1:49549 - "POST /api/v1/collections/592edcdb-ddf5-4ef4-abeb-e35afd935058/add HTTP/1.1" 201
[32mINFO[0m:     [25-07-2024 09:37:54] ::1:49549 - "POST /api/v1/collections/592edcdb-ddf5-4ef4-abeb-e35afd935058/add HTTP/1.1" 201
[32mINFO[0m:     [25-07-2024 09:37:55] ::1:49549 - "POST /api/v1/collections/592edcdb-ddf5-4ef4-abeb-e35afd935058/add HTTP/1.1" 201
[32mINFO[0m:     [25-07-2024 09:37:55] ::1:49549 - "POST /api/v1/collections/592edcdb-ddf5-4ef4-abeb-e35afd935058/add HTTP/1.1" 201
[32mINFO[0m:     [25-07-2024 09:37:56] ::1:49549 - "POST /api/v1/collections/592edcdb-ddf5-4ef4-abeb-e35afd935058/add HTTP/1.1" 201
[32mINFO[0m:     [25-07-2024 09:37:56] ::1:49549 - "POST /api/v1/collections/592edcdb-ddf5-4ef4-abeb-e35afd935058/add HTTP/1.1" 201
[32mINFO[0m:     [25-07-2024 09:37:56] ::1:49549 - "POST /api/v1/collections/592edcdb-ddf5-4ef4-abeb-e35afd935058/add HTTP/1.1" 201
[32mINFO[0m:     [25-07-2024 09:37:57] ::1:49549 - "POST /api/v1/collections/592edcdb-ddf5-4ef4-abeb-e35afd935058/add HTTP/1.1" 201
[32mINFO[0m:     [25-07-2024 09:37:57] ::1:49549 - "POST /api/v1/collections/592edcdb-ddf5-4ef4-abeb-e35afd935058/add HTTP/1.1" 201
[32mINFO[0m:     [25-07-2024 09:37:58] ::1:49549 - "POST /api/v1/collections/592edcdb-ddf5-4ef4-abeb-e35afd935058/add HTTP/1.1" 201
[32mINFO[0m:     [25-07-2024 09:37:58] ::1:49549 - "POST /api/v1/collections/592edcdb-ddf5-4ef4-abeb-e35afd935058/add HTTP/1.1" 201
[32mINFO[0m:     [25-07-2024 09:37:59] ::1:49549 - "POST /api/v1/collections/592edcdb-ddf5-4ef4-abeb-e35afd935058/add HTTP/1.1" 201
[32mINFO[0m:     [25-07-2024 09:37:59] ::1:49549 - "POST /api/v1/collections/592edcdb-ddf5-4ef4-abeb-e35afd935058/add HTTP/1.1" 201
[32mINFO[0m:     [25-07-2024 09:38:00] ::1:49549 - "POST /api/v1/collections/592edcdb-ddf5-4ef4-abeb-e35afd935058/add HTTP/1.1" 201
[32mINFO[0m:     [25-07-2024 09:38:00] ::1:49549 - "POST /api/v1/collections/592edcdb-ddf5-4ef4-abeb-e35afd935058/add HTTP/1.1" 201
[32mINFO[0m:     [25-07-2024 09:38:00] ::1:49549 - "POST /api/v1/collections/592edcdb-ddf5-4ef4-abeb-e35afd935058/add HTTP/1.1" 201
[32mINFO[0m:     [25-07-2024 09:38:00] ::1:49549 - "POST /api/v1/collections/592edcdb-ddf5-4ef4-abeb-e35afd935058/add HTTP/1.1" 201
[32mINFO[0m:     [25-07-2024 09:38:01] ::1:49549 - "POST /api/v1/collections/592edcdb-ddf5-4ef4-abeb-e35afd935058/add HTTP/1.1" 201
[32mINFO[0m:     [25-07-2024 09:38:01] ::1:49549 - "POST /api/v1/collections/592edcdb-ddf5-4ef4-abeb-e35afd935058/add HTTP/1.1" 201
[32mINFO[0m:     [25-07-2024 09:38:02] ::1:49549 - "POST /api/v1/collections/592edcdb-ddf5-4ef4-abeb-e35afd935058/add HTTP/1.1" 201
[32mINFO[0m:     [25-07-2024 09:38:25] ::1:49549 - "POST /api/v1/collections/592edcdb-ddf5-4ef4-abeb-e35afd935058/query HTTP/1.1" 200
[32mINFO[0m:     [25-07-2024 09:38:31] ::1:49549 - "POST /api/v1/collections/592edcdb-ddf5-4ef4-abeb-e35afd935058/get HTTP/1.1" 200
[32mINFO[0m:     [25-07-2024 09:38:31] ::1:49549 - "POST /api/v1/collections/592edcdb-ddf5-4ef4-abeb-e35afd935058/delete HTTP/1.1" 200
[32mINFO[0m:     [25-07-2024 09:38:31] ::1:49549 - "POST /api/v1/collections/592edcdb-ddf5-4ef4-abeb-e35afd935058/delete HTTP/1.1" 200
[32mINFO[0m:     [25-07-2024 09:38:31] ::1:49549 - "POST /api/v1/collections/592edcdb-ddf5-4ef4-abeb-e35afd935058/delete HTTP/1.1" 200
[32mINFO[0m:     [25-07-2024 09:38:31] ::1:49549 - "POST /api/v1/collections/592edcdb-ddf5-4ef4-abeb-e35afd935058/delete HTTP/1.1" 200
[32mINFO[0m:     [25-07-2024 09:38:31] ::1:49549 - "POST /api/v1/collections/592edcdb-ddf5-4ef4-abeb-e35afd935058/delete HTTP/1.1" 200
[32mINFO[0m:     [25-07-2024 09:38:32] ::1:49549 - "POST /api/v1/collections/592edcdb-ddf5-4ef4-abeb-e35afd935058/delete HTTP/1.1" 200
[32mINFO[0m:     [25-07-2024 09:38:32] ::1:49549 - "POST /api/v1/collections/592edcdb-ddf5-4ef4-abeb-e35afd935058/delete HTTP/1.1" 200
[32mINFO[0m:     [25-07-2024 09:38:32] ::1:49549 - "POST /api/v1/collections/592edcdb-ddf5-4ef4-abeb-e35afd935058/delete HTTP/1.1" 200
[32mINFO[0m:     [25-07-2024 09:38:32] ::1:49549 - "POST /api/v1/collections/592edcdb-ddf5-4ef4-abeb-e35afd935058/delete HTTP/1.1" 200
[32mINFO[0m:     [25-07-2024 09:38:32] ::1:49549 - "POST /api/v1/collections/592edcdb-ddf5-4ef4-abeb-e35afd935058/delete HTTP/1.1" 200
[32mINFO[0m:     [25-07-2024 09:38:32] ::1:49549 - "POST /api/v1/collections/592edcdb-ddf5-4ef4-abeb-e35afd935058/get HTTP/1.1" 200
[32mINFO[0m:     [25-07-2024 09:38:32] ::1:49549 - "POST /api/v1/collections/592edcdb-ddf5-4ef4-abeb-e35afd935058/delete HTTP/1.1" 200
[32mINFO[0m:     [25-07-2024 09:38:32] ::1:49549 - "POST /api/v1/collections/592edcdb-ddf5-4ef4-abeb-e35afd935058/delete HTTP/1.1" 200
[32mINFO[0m:     [25-07-2024 09:38:32] ::1:49549 - "POST /api/v1/collections/592edcdb-ddf5-4ef4-abeb-e35afd935058/delete HTTP/1.1" 200
[32mINFO[0m:     [25-07-2024 09:38:32] ::1:49549 - "POST /api/v1/collections/592edcdb-ddf5-4ef4-abeb-e35afd935058/delete HTTP/1.1" 200
[32mINFO[0m:     [25-07-2024 09:38:32] ::1:49549 - "POST /api/v1/collections/592edcdb-ddf5-4ef4-abeb-e35afd935058/delete HTTP/1.1" 200
[32mINFO[0m:     [25-07-2024 09:38:32] ::1:49549 - "POST /api/v1/collections/592edcdb-ddf5-4ef4-abeb-e35afd935058/delete HTTP/1.1" 200
[32mINFO[0m:     [25-07-2024 09:38:32] ::1:49549 - "POST /api/v1/collections/592edcdb-ddf5-4ef4-abeb-e35afd935058/delete HTTP/1.1" 200
[32mINFO[0m:     [25-07-2024 09:38:32] ::1:49549 - "POST /api/v1/collections/592edcdb-ddf5-4ef4-abeb-e35afd935058/delete HTTP/1.1" 200
[32mINFO[0m:     [25-07-2024 09:38:32] ::1:49549 - "POST /api/v1/collections/592edcdb-ddf5-4ef4-abeb-e35afd935058/delete HTTP/1.1" 200
[32mINFO[0m:     [25-07-2024 09:38:32] ::1:49549 - "POST /api/v1/collections/592edcdb-ddf5-4ef4-abeb-e35afd935058/delete HTTP/1.1" 200
[32mINFO[0m:     [25-07-2024 09:38:32] ::1:49549 - "POST /api/v1/collections/592edcdb-ddf5-4ef4-abeb-e35afd935058/get HTTP/1.1" 200
[32mINFO[0m:     [25-07-2024 09:38:38] ::1:49549 - "POST /api/v1/collections/592edcdb-ddf5-4ef4-abeb-e35afd935058/get HTTP/1.1" 200
[32mINFO[0m:     [25-07-2024 09:38:38] ::1:49549 - "POST /api/v1/collections/592edcdb-ddf5-4ef4-abeb-e35afd935058/get HTTP/1.1" 200
[32mINFO[0m:     [25-07-2024 09:38:40] ::1:49549 - "POST /api/v1/collections/592edcdb-ddf5-4ef4-abeb-e35afd935058/get HTTP/1.1" 200
[32mINFO[0m:     [25-07-2024 09:38:41] ::1:49549 - "POST /api/v1/collections/592edcdb-ddf5-4ef4-abeb-e35afd935058/add HTTP/1.1" 201
[32mINFO[0m:     [25-07-2024 09:38:42] ::1:49549 - "POST /api/v1/collections/592edcdb-ddf5-4ef4-abeb-e35afd935058/add HTTP/1.1" 201
[32mINFO[0m:     [25-07-2024 09:38:42] ::1:49549 - "POST /api/v1/collections/592edcdb-ddf5-4ef4-abeb-e35afd935058/add HTTP/1.1" 201
[32mINFO[0m:     [25-07-2024 09:38:43] ::1:49549 - "POST /api/v1/collections/592edcdb-ddf5-4ef4-abeb-e35afd935058/add HTTP/1.1" 201
[32mINFO[0m:     [25-07-2024 09:38:43] ::1:49549 - "POST /api/v1/collections/592edcdb-ddf5-4ef4-abeb-e35afd935058/add HTTP/1.1" 201
[32mINFO[0m:     [25-07-2024 09:38:43] ::1:49549 - "POST /api/v1/collections/592edcdb-ddf5-4ef4-abeb-e35afd935058/add HTTP/1.1" 201
[32mINFO[0m:     [25-07-2024 09:38:44] ::1:49549 - "POST /api/v1/collections/592edcdb-ddf5-4ef4-abeb-e35afd935058/add HTTP/1.1" 201
[32mINFO[0m:     [25-07-2024 09:38:44] ::1:49549 - "POST /api/v1/collections/592edcdb-ddf5-4ef4-abeb-e35afd935058/add HTTP/1.1" 201
[32mINFO[0m:     [25-07-2024 09:38:45] ::1:49549 - "POST /api/v1/collections/592edcdb-ddf5-4ef4-abeb-e35afd935058/add HTTP/1.1" 201
[32mINFO[0m:     [25-07-2024 09:38:45] ::1:49549 - "POST /api/v1/collections/592edcdb-ddf5-4ef4-abeb-e35afd935058/add HTTP/1.1" 201
[32mINFO[0m:     [25-07-2024 09:38:45] ::1:49549 - "POST /api/v1/collections/592edcdb-ddf5-4ef4-abeb-e35afd935058/add HTTP/1.1" 201
[32mINFO[0m:     [25-07-2024 09:38:46] ::1:49549 - "POST /api/v1/collections/592edcdb-ddf5-4ef4-abeb-e35afd935058/add HTTP/1.1" 201
[32mINFO[0m:     [25-07-2024 09:38:46] ::1:49549 - "POST /api/v1/collections/592edcdb-ddf5-4ef4-abeb-e35afd935058/add HTTP/1.1" 201
[32mINFO[0m:     [25-07-2024 09:38:47] ::1:49549 - "POST /api/v1/collections/592edcdb-ddf5-4ef4-abeb-e35afd935058/add HTTP/1.1" 201
[32mINFO[0m:     [25-07-2024 09:38:47] ::1:49549 - "POST /api/v1/collections/592edcdb-ddf5-4ef4-abeb-e35afd935058/add HTTP/1.1" 201
[32mINFO[0m:     [25-07-2024 09:38:47] ::1:49549 - "POST /api/v1/collections/592edcdb-ddf5-4ef4-abeb-e35afd935058/add HTTP/1.1" 201
[32mINFO[0m:     [25-07-2024 09:38:48] ::1:49549 - "POST /api/v1/collections/592edcdb-ddf5-4ef4-abeb-e35afd935058/add HTTP/1.1" 201
[32mINFO[0m:     [25-07-2024 09:38:48] ::1:49549 - "POST /api/v1/collections/592edcdb-ddf5-4ef4-abeb-e35afd935058/add HTTP/1.1" 201
[32mINFO[0m:     [25-07-2024 09:38:49] ::1:49549 - "POST /api/v1/collections/592edcdb-ddf5-4ef4-abeb-e35afd935058/add HTTP/1.1" 201
[32mINFO[0m:     [25-07-2024 09:38:49] ::1:49549 - "POST /api/v1/collections/592edcdb-ddf5-4ef4-abeb-e35afd935058/add HTTP/1.1" 201
[32mINFO[0m:     [25-07-2024 09:38:49] ::1:49549 - "POST /api/v1/collections/592edcdb-ddf5-4ef4-abeb-e35afd935058/get HTTP/1.1" 200
[32mINFO[0m:     [25-07-2024 09:38:49] ::1:49549 - "POST /api/v1/collections/592edcdb-ddf5-4ef4-abeb-e35afd935058/get HTTP/1.1" 200
[32mINFO[0m:     [25-07-2024 09:38:53] ::1:49549 - "POST /api/v1/collections/592edcdb-ddf5-4ef4-abeb-e35afd935058/get HTTP/1.1" 200
[32mINFO[0m:     [25-07-2024 09:38:53] ::1:49549 - "POST /api/v1/collections/592edcdb-ddf5-4ef4-abeb-e35afd935058/delete HTTP/1.1" 200
[32mINFO[0m:     [25-07-2024 09:38:53] ::1:49549 - "POST /api/v1/collections/592edcdb-ddf5-4ef4-abeb-e35afd935058/delete HTTP/1.1" 200
[32mINFO[0m:     [25-07-2024 09:38:53] ::1:49549 - "POST /api/v1/collections/592edcdb-ddf5-4ef4-abeb-e35afd935058/delete HTTP/1.1" 200
[32mINFO[0m:     [25-07-2024 09:38:53] ::1:49549 - "POST /api/v1/collections/592edcdb-ddf5-4ef4-abeb-e35afd935058/delete HTTP/1.1" 200
[32mINFO[0m:     [25-07-2024 09:38:53] ::1:49549 - "POST /api/v1/collections/592edcdb-ddf5-4ef4-abeb-e35afd935058/delete HTTP/1.1" 200
[32mINFO[0m:     [25-07-2024 09:38:53] ::1:49549 - "POST /api/v1/collections/592edcdb-ddf5-4ef4-abeb-e35afd935058/delete HTTP/1.1" 200
[32mINFO[0m:     [25-07-2024 09:38:53] ::1:49549 - "POST /api/v1/collections/592edcdb-ddf5-4ef4-abeb-e35afd935058/delete HTTP/1.1" 200
[32mINFO[0m:     [25-07-2024 09:38:53] ::1:49549 - "POST /api/v1/collections/592edcdb-ddf5-4ef4-abeb-e35afd935058/delete HTTP/1.1" 200
[32mINFO[0m:     [25-07-2024 09:38:53] ::1:49549 - "POST /api/v1/collections/592edcdb-ddf5-4ef4-abeb-e35afd935058/delete HTTP/1.1" 200
[32mINFO[0m:     [25-07-2024 09:38:53] ::1:49549 - "POST /api/v1/collections/592edcdb-ddf5-4ef4-abeb-e35afd935058/delete HTTP/1.1" 200
[32mINFO[0m:     [25-07-2024 09:38:53] ::1:49549 - "POST /api/v1/collections/592edcdb-ddf5-4ef4-abeb-e35afd935058/get HTTP/1.1" 200
[32mINFO[0m:     [25-07-2024 09:38:53] ::1:49549 - "POST /api/v1/collections/592edcdb-ddf5-4ef4-abeb-e35afd935058/delete HTTP/1.1" 200
[32mINFO[0m:     [25-07-2024 09:38:53] ::1:49549 - "POST /api/v1/collections/592edcdb-ddf5-4ef4-abeb-e35afd935058/delete HTTP/1.1" 200
[32mINFO[0m:     [25-07-2024 09:38:53] ::1:49549 - "POST /api/v1/collections/592edcdb-ddf5-4ef4-abeb-e35afd935058/delete HTTP/1.1" 200
[32mINFO[0m:     [25-07-2024 09:38:53] ::1:49549 - "POST /api/v1/collections/592edcdb-ddf5-4ef4-abeb-e35afd935058/delete HTTP/1.1" 200
[32mINFO[0m:     [25-07-2024 09:38:53] ::1:49549 - "POST /api/v1/collections/592edcdb-ddf5-4ef4-abeb-e35afd935058/delete HTTP/1.1" 200
[32mINFO[0m:     [25-07-2024 09:38:53] ::1:49549 - "POST /api/v1/collections/592edcdb-ddf5-4ef4-abeb-e35afd935058/delete HTTP/1.1" 200
[32mINFO[0m:     [25-07-2024 09:38:53] ::1:49549 - "POST /api/v1/collections/592edcdb-ddf5-4ef4-abeb-e35afd935058/delete HTTP/1.1" 200
[32mINFO[0m:     [25-07-2024 09:38:53] ::1:49549 - "POST /api/v1/collections/592edcdb-ddf5-4ef4-abeb-e35afd935058/delete HTTP/1.1" 200
[32mINFO[0m:     [25-07-2024 09:38:53] ::1:49549 - "POST /api/v1/collections/592edcdb-ddf5-4ef4-abeb-e35afd935058/delete HTTP/1.1" 200
[32mINFO[0m:     [25-07-2024 09:38:53] ::1:49549 - "POST /api/v1/collections/592edcdb-ddf5-4ef4-abeb-e35afd935058/delete HTTP/1.1" 200
[32mINFO[0m:     [25-07-2024 09:38:53] ::1:49549 - "POST /api/v1/collections/592edcdb-ddf5-4ef4-abeb-e35afd935058/get HTTP/1.1" 200
[32mINFO[0m:     [25-07-2024 09:38:56] ::1:49549 - "POST /api/v1/collections/592edcdb-ddf5-4ef4-abeb-e35afd935058/get HTTP/1.1" 200
[32mINFO[0m:     [25-07-2024 09:38:56] ::1:49549 - "POST /api/v1/collections/592edcdb-ddf5-4ef4-abeb-e35afd935058/get HTTP/1.1" 200
